
WARN node unsupported "node@v4.2.6" is incompatible with color-themes-for-google-code-prettify@^2.0.4, expected node@>=5.9.0
platform unsupported hexo-github@1.0.1 › nunjucks@1.3.4 › chokidar@0.12.6 › fsevents@~0.3.1 Package require os(darwin) not compatible with your platform(linux)
[fsevents@~0.3.1] optional install error: Package require os(darwin) not compatible with your platform(linux)
platform unsupported hexo-github@1.0.1 › hexo-fs@0.1.6 › chokidar@1.7.0 › fsevents@^1.0.0 Package require os(darwin) not compatible with your platform(linux)
[fsevents@^1.0.0] optional install error: Package require os(darwin) not compatible with your platform(linux)
✔ Installed 20 packages
✔ Linked 335 latest versions
npm http request GET http://registry.npm.taobao.org/hexo-inject
npm http 200 http://registry.npm.taobao.org/hexo-inject
npm WARN deprecated hexo-inject@1.0.0: The author does not use Hexo any more. This plugin is no longer maintained.
npm http fetch GET http://registry.npm.taobao.org/hexo-inject/download/hexo-inject-1.0.0.tgz
npm http fetch 200 http://registry.npm.taobao.org/hexo-inject/download/hexo-inject-1.0.0.tgz
npm http request GET http://registry.npm.taobao.org/browser-sync
npm http request GET http://registry.npm.taobao.org/connect-injector
npm http request GET http://registry.npm.taobao.org/merge
npm http 200 http://registry.npm.taobao.org/merge
npm http 200 http://registry.npm.taobao.org/connect-injector
npm http fetch GET http://registry.npm.taobao.org/merge/download/merge-1.2.0.tgz
npm http fetch GET http://registry.npm.taobao.org/connect-injector/download/connect-injector-0.4.4.tgz
npm http 200 http://registry.npm.taobao.org/browser-sync
npm http fetch 200 http://registry.npm.taobao.org/connect-injector/download/connect-injector-0.4.4.tgz
npm http fetch 200 http://registry.npm.taobao.org/merge/download/merge-1.2.0.tgz
npm http fetch GET http://registry.npm.taobao.org/browser-sync/download/browser-sync-2.18.13.tgz
npm http fetch 200 http://registry.npm.taobao.org/browser-sync/download/browser-sync-2.18.13.tgz
npm http request GET http://registry.npm.taobao.org/browser-sync-client
npm http request GET http://registry.npm.taobao.org/browser-sync-ui
npm http request GET http://registry.npm.taobao.org/bs-recipes
npm http request GET http://registry.npm.taobao.org/connect
npm http request GET http://registry.npm.taobao.org/dev-ip
npm http request GET http://registry.npm.taobao.org/easy-extender
npm http request GET http://registry.npm.taobao.org/eazy-logger
npm http request GET http://registry.npm.taobao.org/emitter-steward
npm http request GET http://registry.npm.taobao.org/fs-extra
npm http request GET http://registry.npm.taobao.org/http-proxy
npm http request GET http://registry.npm.taobao.org/immutable
npm http request GET http://registry.npm.taobao.org/localtunnel
npm http request GET http://registry.npm.taobao.org/portscanner
npm http request GET http://registry.npm.taobao.org/qs
npm http request GET http://registry.npm.taobao.org/resp-modifier
npm http request GET http://registry.npm.taobao.org/rx
npm http request GET http://registry.npm.taobao.org/serve-index
npm http request GET http://registry.npm.taobao.org/serve-static
npm http request GET http://registry.npm.taobao.org/server-destroy
npm http request GET http://registry.npm.taobao.org/socket.io
npm http request GET http://registry.npm.taobao.org/socket.io-client
npm http request GET http://registry.npm.taobao.org/ua-parser-js
npm http request GET http://registry.npm.taobao.org/yargs
npm http 200 http://registry.npm.taobao.org/bs-recipes
npm http 200 http://registry.npm.taobao.org/server-destroy
npm http 200 http://registry.npm.taobao.org/easy-extender
npm http 200 http://registry.npm.taobao.org/browser-sync-client
npm http 200 http://registry.npm.taobao.org/emitter-steward
npm http 200 http://registry.npm.taobao.org/eazy-logger
npm http 200 http://registry.npm.taobao.org/portscanner
npm http 200 http://registry.npm.taobao.org/serve-static
npm http fetch GET http://registry.npm.taobao.org/bs-recipes/download/bs-recipes-1.3.4.tgz
npm http fetch GET http://registry.npm.taobao.org/server-destroy/download/server-destroy-1.0.1.tgz
npm http 200 http://registry.npm.taobao.org/dev-ip
npm http 200 http://registry.npm.taobao.org/resp-modifier
npm http fetch GET http://registry.npm.taobao.org/easy-extender/download/easy-extender-2.3.2.tgz
npm http fetch GET http://registry.npm.taobao.org/browser-sync-client/download/browser-sync-client-2.5.1.tgz
npm http 200 http://registry.npm.taobao.org/localtunnel
npm http 200 http://registry.npm.taobao.org/serve-index
npm http 200 http://registry.npm.taobao.org/browser-sync-ui
npm http fetch GET http://registry.npm.taobao.org/emitter-steward/download/emitter-steward-1.0.0.tgz
npm http fetch GET http://registry.npm.taobao.org/eazy-logger/download/eazy-logger-3.0.2.tgz
npm http fetch GET http://registry.npm.taobao.org/portscanner/download/portscanner-2.1.1.tgz
npm http 200 http://registry.npm.taobao.org/qs
npm http 200 http://registry.npm.taobao.org/immutable
npm http 200 http://registry.npm.taobao.org/ua-parser-js
npm http fetch GET http://registry.npm.taobao.org/serve-static/download/serve-static-1.12.2.tgz
npm http 200 http://registry.npm.taobao.org/socket.io-client
npm http fetch GET http://registry.npm.taobao.org/dev-ip/download/dev-ip-1.0.1.tgz
npm http fetch 200 http://registry.npm.taobao.org/bs-recipes/download/bs-recipes-1.3.4.tgz
npm http 200 http://registry.npm.taobao.org/http-proxy
npm http fetch GET http://registry.npm.taobao.org/resp-modifier/download/resp-modifier-6.0.2.tgz
npm http 200 http://registry.npm.taobao.org/rx
npm http 200 http://registry.npm.taobao.org/socket.io
npm http fetch 200 http://registry.npm.taobao.org/server-destroy/download/server-destroy-1.0.1.tgz
npm http fetch 200 http://registry.npm.taobao.org/easy-extender/download/easy-extender-2.3.2.tgz
npm http fetch 200 http://registry.npm.taobao.org/browser-sync-client/download/browser-sync-client-2.5.1.tgz
npm http fetch GET http://registry.npm.taobao.org/localtunnel/download/localtunnel-1.8.3.tgz
npm http fetch GET http://registry.npm.taobao.org/serve-index/download/serve-index-1.8.0.tgz
npm http fetch GET http://registry.npm.taobao.org/browser-sync-ui/download/browser-sync-ui-0.6.3.tgz
npm http fetch 200 http://registry.npm.taobao.org/eazy-logger/download/eazy-logger-3.0.2.tgz
npm http fetch 200 http://registry.npm.taobao.org/portscanner/download/portscanner-2.1.1.tgz
npm http 200 http://registry.npm.taobao.org/yargs
npm http fetch GET http://registry.npm.taobao.org/qs/download/qs-6.2.1.tgz
npm http fetch GET http://registry.npm.taobao.org/immutable/download/immutable-3.8.1.tgz
npm http fetch GET http://registry.npm.taobao.org/ua-parser-js/download/ua-parser-js-0.7.12.tgz
npm http fetch GET http://registry.npm.taobao.org/socket.io-client/download/socket.io-client-1.6.0.tgz
npm http 200 http://registry.npm.taobao.org/connect
npm http fetch 200 http://registry.npm.taobao.org/serve-static/download/serve-static-1.12.2.tgz
npm http fetch GET http://registry.npm.taobao.org/http-proxy/download/http-proxy-1.15.2.tgz
npm http fetch 200 http://registry.npm.taobao.org/resp-modifier/download/resp-modifier-6.0.2.tgz
npm http fetch 200 http://registry.npm.taobao.org/dev-ip/download/dev-ip-1.0.1.tgz
npm http fetch GET http://registry.npm.taobao.org/rx/download/rx-4.1.0.tgz
npm http fetch GET http://registry.npm.taobao.org/socket.io/download/socket.io-1.6.0.tgz
npm http 200 http://registry.npm.taobao.org/fs-extra
npm http fetch GET http://registry.npm.taobao.org/yargs/download/yargs-6.4.0.tgz
npm http fetch 200 http://registry.npm.taobao.org/serve-index/download/serve-index-1.8.0.tgz
npm http fetch 200 http://registry.npm.taobao.org/localtunnel/download/localtunnel-1.8.3.tgz
npm http fetch 200 http://registry.npm.taobao.org/emitter-steward/download/emitter-steward-1.0.0.tgz
npm http fetch 200 http://registry.npm.taobao.org/browser-sync-ui/download/browser-sync-ui-0.6.3.tgz
npm http fetch 200 http://registry.npm.taobao.org/qs/download/qs-6.2.1.tgz
npm http fetch 200 http://registry.npm.taobao.org/immutable/download/immutable-3.8.1.tgz
npm http fetch 200 http://registry.npm.taobao.org/ua-parser-js/download/ua-parser-js-0.7.12.tgz
npm http fetch 200 http://registry.npm.taobao.org/socket.io-client/download/socket.io-client-1.6.0.tgz
npm http fetch GET http://registry.npm.taobao.org/connect/download/connect-3.5.0.tgz
npm http fetch 200 http://registry.npm.taobao.org/http-proxy/download/http-proxy-1.15.2.tgz
npm http fetch GET http://registry.npm.taobao.org/fs-extra/download/fs-extra-3.0.1.tgz
npm http fetch 200 http://registry.npm.taobao.org/socket.io/download/socket.io-1.6.0.tgz
npm http fetch 200 http://registry.npm.taobao.org/rx/download/rx-4.1.0.tgz
npm http fetch 200 http://registry.npm.taobao.org/yargs/download/yargs-6.4.0.tgz
npm http fetch 200 http://registry.npm.taobao.org/connect/download/connect-3.5.0.tgz
npm http fetch 200 http://registry.npm.taobao.org/fs-extra/download/fs-extra-3.0.1.tgz
npm http request GET http://registry.npm.taobao.org/fresh
npm http 200 http://registry.npm.taobao.org/fresh
npm http fetch GET http://registry.npm.taobao.org/fresh/download/fresh-0.3.0.tgz
npm http fetch 200 http://registry.npm.taobao.org/fresh/download/fresh-0.3.0.tgz
npm http request GET http://registry.npm.taobao.org/async-each-series
npm http request GET http://registry.npm.taobao.org/connect-history-api-fallback
npm http request GET http://registry.npm.taobao.org/stream-throttle
npm http request GET http://registry.npm.taobao.org/weinre
npm http 200 http://registry.npm.taobao.org/stream-throttle
npm http 200 http://registry.npm.taobao.org/async-each-series
npm http 200 http://registry.npm.taobao.org/weinre
npm http 200 http://registry.npm.taobao.org/connect-history-api-fallback
npm http fetch GET http://registry.npm.taobao.org/stream-throttle/download/stream-throttle-0.1.3.tgz
npm http fetch GET http://registry.npm.taobao.org/async-each-series/download/async-each-series-0.1.1.tgz
npm http fetch GET http://registry.npm.taobao.org/weinre/download/weinre-2.0.0-pre-I0Z7U9OV.tgz
npm http fetch GET http://registry.npm.taobao.org/connect-history-api-fallback/download/connect-history-api-fallback-1.3.0.tgz
npm http fetch 200 http://registry.npm.taobao.org/stream-throttle/download/stream-throttle-0.1.3.tgz
npm http fetch 200 http://registry.npm.taobao.org/async-each-series/download/async-each-series-0.1.1.tgz
npm http fetch 200 http://registry.npm.taobao.org/connect-history-api-fallback/download/connect-history-api-fallback-1.3.0.tgz
npm http fetch 200 http://registry.npm.taobao.org/weinre/download/weinre-2.0.0-pre-I0Z7U9OV.tgz
npm http request GET http://registry.npm.taobao.org/limiter
npm http 200 http://registry.npm.taobao.org/limiter
npm http fetch GET http://registry.npm.taobao.org/limiter/download/limiter-1.1.2.tgz
npm http fetch 200 http://registry.npm.taobao.org/limiter/download/limiter-1.1.2.tgz
npm http request GET http://registry.npm.taobao.org/express
npm http request GET http://registry.npm.taobao.org/nopt
npm http request GET http://registry.npm.taobao.org/underscore
npm http 200 http://registry.npm.taobao.org/nopt
npm http fetch GET http://registry.npm.taobao.org/nopt/download/nopt-3.0.6.tgz
npm http 200 http://registry.npm.taobao.org/underscore
npm http fetch GET http://registry.npm.taobao.org/underscore/download/underscore-1.7.0.tgz
npm http fetch 200 http://registry.npm.taobao.org/nopt/download/nopt-3.0.6.tgz
npm http 200 http://registry.npm.taobao.org/express
npm http fetch 200 http://registry.npm.taobao.org/underscore/download/underscore-1.7.0.tgz
npm WARN deprecated express@2.5.11: express 2.x series is deprecated
npm http fetch GET http://registry.npm.taobao.org/express/download/express-2.5.11.tgz
npm http fetch 200 http://registry.npm.taobao.org/express/download/express-2.5.11.tgz
npm http request GET http://registry.npm.taobao.org/mime
npm http request GET http://registry.npm.taobao.org/mkdirp
npm WARN deprecated connect@1.9.2: connect 1.x series is deprecated
npm http fetch GET http://registry.npm.taobao.org/connect/download/connect-1.9.2.tgz
npm http fetch GET http://registry.npm.taobao.org/qs/download/qs-0.4.2.tgz
npm http 200 http://registry.npm.taobao.org/mime
npm http 200 http://registry.npm.taobao.org/mkdirp
npm http fetch GET http://registry.npm.taobao.org/mime/download/mime-1.2.4.tgz
npm http fetch GET http://registry.npm.taobao.org/mkdirp/download/mkdirp-0.3.0.tgz
npm http fetch 200 http://registry.npm.taobao.org/connect/download/connect-1.9.2.tgz
npm http fetch 200 http://registry.npm.taobao.org/qs/download/qs-0.4.2.tgz
npm http fetch 200 http://registry.npm.taobao.org/mkdirp/download/mkdirp-0.3.0.tgz
npm http fetch 200 http://registry.npm.taobao.org/mime/download/mime-1.2.4.tgz
npm http request GET http://registry.npm.taobao.org/formidable
npm http 200 http://registry.npm.taobao.org/formidable
npm http fetch GET http://registry.npm.taobao.org/formidable/download/formidable-1.0.17.tgz
npm http fetch 200 http://registry.npm.taobao.org/formidable/download/formidable-1.0.17.tgz
npm http request GET http://registry.npm.taobao.org/debug
npm http request GET http://registry.npm.taobao.org/finalhandler
npm http 200 http://registry.npm.taobao.org/finalhandler
npm http fetch GET http://registry.npm.taobao.org/finalhandler/download/finalhandler-0.5.0.tgz
npm http fetch 200 http://registry.npm.taobao.org/finalhandler/download/finalhandler-0.5.0.tgz
npm http 200 http://registry.npm.taobao.org/debug
npm http fetch GET http://registry.npm.taobao.org/debug/download/debug-2.2.0.tgz
npm http fetch 200 http://registry.npm.taobao.org/debug/download/debug-2.2.0.tgz
npm http request GET http://registry.npm.taobao.org/ms
npm http 200 http://registry.npm.taobao.org/ms
npm http fetch GET http://registry.npm.taobao.org/ms/download/ms-0.7.1.tgz
npm http fetch 200 http://registry.npm.taobao.org/ms/download/ms-0.7.1.tgz
npm http request GET http://registry.npm.taobao.org/lodash
npm http 200 http://registry.npm.taobao.org/lodash
npm http fetch GET http://registry.npm.taobao.org/lodash/download/lodash-3.10.1.tgz
npm http fetch 200 http://registry.npm.taobao.org/lodash/download/lodash-3.10.1.tgz
npm http request GET http://registry.npm.taobao.org/tfunk
npm http 200 http://registry.npm.taobao.org/tfunk
npm http fetch GET http://registry.npm.taobao.org/tfunk/download/tfunk-3.1.0.tgz
npm http fetch 200 http://registry.npm.taobao.org/tfunk/download/tfunk-3.1.0.tgz
npm http request GET http://registry.npm.taobao.org/object-path
npm http 200 http://registry.npm.taobao.org/object-path
npm http fetch GET http://registry.npm.taobao.org/object-path/download/object-path-0.9.2.tgz
npm http fetch 200 http://registry.npm.taobao.org/object-path/download/object-path-0.9.2.tgz
npm http request GET http://registry.npm.taobao.org/jsonfile
npm http request GET http://registry.npm.taobao.org/universalify
npm http 200 http://registry.npm.taobao.org/universalify
npm http 200 http://registry.npm.taobao.org/jsonfile
npm http fetch GET http://registry.npm.taobao.org/universalify/download/universalify-0.1.1.tgz
npm http fetch GET http://registry.npm.taobao.org/jsonfile/download/jsonfile-3.0.1.tgz
npm http fetch 200 http://registry.npm.taobao.org/universalify/download/universalify-0.1.1.tgz
npm http fetch 200 http://registry.npm.taobao.org/jsonfile/download/jsonfile-3.0.1.tgz
npm http request GET http://registry.npm.taobao.org/eventemitter3
npm http request GET http://registry.npm.taobao.org/requires-port
npm http 200 http://registry.npm.taobao.org/requires-port
npm http 200 http://registry.npm.taobao.org/eventemitter3
npm http fetch GET http://registry.npm.taobao.org/requires-port/download/requires-port-1.0.0.tgz
npm http fetch GET http://registry.npm.taobao.org/eventemitter3/download/eventemitter3-1.2.0.tgz
npm http fetch 200 http://registry.npm.taobao.org/requires-port/download/requires-port-1.0.0.tgz
npm http fetch 200 http://registry.npm.taobao.org/eventemitter3/download/eventemitter3-1.2.0.tgz
npm http request GET http://registry.npm.taobao.org/openurl
npm http fetch GET http://registry.npm.taobao.org/yargs/download/yargs-3.29.0.tgz
npm http 200 http://registry.npm.taobao.org/openurl
npm http fetch GET http://registry.npm.taobao.org/openurl/download/openurl-1.1.1.tgz
npm http fetch 200 http://registry.npm.taobao.org/yargs/download/yargs-3.29.0.tgz
npm http fetch 200 http://registry.npm.taobao.org/openurl/download/openurl-1.1.1.tgz
npm http request GET http://registry.npm.taobao.org/async
npm http request GET http://registry.npm.taobao.org/is-number-like
npm http 200 http://registry.npm.taobao.org/is-number-like
npm http fetch GET http://registry.npm.taobao.org/is-number-like/download/is-number-like-1.0.8.tgz
npm http 200 http://registry.npm.taobao.org/async
npm http fetch GET http://registry.npm.taobao.org/async/download/async-1.5.2.tgz
npm http fetch 200 http://registry.npm.taobao.org/is-number-like/download/is-number-like-1.0.8.tgz
npm http fetch 200 http://registry.npm.taobao.org/async/download/async-1.5.2.tgz
npm http request GET http://registry.npm.taobao.org/lodash.isfinite
npm http 200 http://registry.npm.taobao.org/lodash.isfinite
npm http fetch GET http://registry.npm.taobao.org/lodash.isfinite/download/lodash.isfinite-3.3.2.tgz
npm http fetch 200 http://registry.npm.taobao.org/lodash.isfinite/download/lodash.isfinite-3.3.2.tgz
npm http request GET http://registry.npm.taobao.org/batch
npm http request GET http://registry.npm.taobao.org/http-errors
npm http 200 http://registry.npm.taobao.org/batch
npm http 200 http://registry.npm.taobao.org/http-errors
npm http fetch GET http://registry.npm.taobao.org/batch/download/batch-0.5.3.tgz
npm http fetch GET http://registry.npm.taobao.org/http-errors/download/http-errors-1.5.1.tgz
npm http fetch 200 http://registry.npm.taobao.org/http-errors/download/http-errors-1.5.1.tgz
npm http fetch 200 http://registry.npm.taobao.org/batch/download/batch-0.5.3.tgz
npm http request GET http://registry.npm.taobao.org/setprototypeof
npm http 200 http://registry.npm.taobao.org/setprototypeof
npm http fetch GET http://registry.npm.taobao.org/setprototypeof/download/setprototypeof-1.0.2.tgz
npm http fetch 200 http://registry.npm.taobao.org/setprototypeof/download/setprototypeof-1.0.2.tgz
npm http request GET http://registry.npm.taobao.org/send
npm http 200 http://registry.npm.taobao.org/send
npm http fetch GET http://registry.npm.taobao.org/send/download/send-0.15.2.tgz
npm http fetch 200 http://registry.npm.taobao.org/send/download/send-0.15.2.tgz
npm http fetch GET http://registry.npm.taobao.org/debug/download/debug-2.6.4.tgz
npm http fetch GET http://registry.npm.taobao.org/ms/download/ms-1.0.0.tgz
npm http fetch 200 http://registry.npm.taobao.org/ms/download/ms-1.0.0.tgz
npm http fetch 200 http://registry.npm.taobao.org/debug/download/debug-2.6.4.tgz
npm http fetch GET http://registry.npm.taobao.org/ms/download/ms-0.7.3.tgz
npm http fetch 200 http://registry.npm.taobao.org/ms/download/ms-0.7.3.tgz
npm http request GET http://registry.npm.taobao.org/engine.io
npm http request GET http://registry.npm.taobao.org/has-binary
npm http request GET http://registry.npm.taobao.org/object-assign
npm http request GET http://registry.npm.taobao.org/socket.io-adapter
npm http request GET http://registry.npm.taobao.org/socket.io-parser
npm http fetch GET http://registry.npm.taobao.org/debug/download/debug-2.3.3.tgz
npm http 200 http://registry.npm.taobao.org/has-binary
npm http fetch GET http://registry.npm.taobao.org/has-binary/download/has-binary-0.1.7.tgz
npm http 200 http://registry.npm.taobao.org/socket.io-parser
npm http 200 http://registry.npm.taobao.org/object-assign
npm http fetch GET http://registry.npm.taobao.org/socket.io-parser/download/socket.io-parser-2.3.1.tgz
npm http fetch GET http://registry.npm.taobao.org/object-assign/download/object-assign-4.1.0.tgz
npm http 200 http://registry.npm.taobao.org/socket.io-adapter
npm http 200 http://registry.npm.taobao.org/engine.io
npm http fetch GET http://registry.npm.taobao.org/socket.io-adapter/download/socket.io-adapter-0.5.0.tgz
npm http fetch GET http://registry.npm.taobao.org/engine.io/download/engine.io-1.8.0.tgz
npm http fetch 200 http://registry.npm.taobao.org/debug/download/debug-2.3.3.tgz
npm http fetch 200 http://registry.npm.taobao.org/has-binary/download/has-binary-0.1.7.tgz
npm http fetch 200 http://registry.npm.taobao.org/object-assign/download/object-assign-4.1.0.tgz
npm http fetch 200 http://registry.npm.taobao.org/socket.io-parser/download/socket.io-parser-2.3.1.tgz
npm http fetch 200 http://registry.npm.taobao.org/socket.io-adapter/download/socket.io-adapter-0.5.0.tgz
npm http fetch 200 http://registry.npm.taobao.org/engine.io/download/engine.io-1.8.0.tgz
npm http fetch GET http://registry.npm.taobao.org/ms/download/ms-0.7.2.tgz
npm http fetch 200 http://registry.npm.taobao.org/ms/download/ms-0.7.2.tgz
npm http request GET http://registry.npm.taobao.org/accepts
npm http request GET http://registry.npm.taobao.org/base64id
npm http request GET http://registry.npm.taobao.org/engine.io-parser
npm http request GET http://registry.npm.taobao.org/ws
npm http request GET http://registry.npm.taobao.org/cookie
npm http 200 http://registry.npm.taobao.org/base64id
npm http 200 http://registry.npm.taobao.org/cookie
npm http fetch GET http://registry.npm.taobao.org/base64id/download/base64id-0.1.0.tgz
npm http fetch GET http://registry.npm.taobao.org/cookie/download/cookie-0.3.1.tgz
npm http 200 http://registry.npm.taobao.org/engine.io-parser
npm http fetch GET http://registry.npm.taobao.org/engine.io-parser/download/engine.io-parser-1.3.1.tgz
npm http 200 http://registry.npm.taobao.org/accepts
npm http fetch GET http://registry.npm.taobao.org/accepts/download/accepts-1.3.3.tgz
npm http 200 http://registry.npm.taobao.org/ws
npm http fetch GET http://registry.npm.taobao.org/ws/download/ws-1.1.1.tgz
npm http fetch 200 http://registry.npm.taobao.org/base64id/download/base64id-0.1.0.tgz
npm http fetch 200 http://registry.npm.taobao.org/cookie/download/cookie-0.3.1.tgz
npm http fetch 200 http://registry.npm.taobao.org/engine.io-parser/download/engine.io-parser-1.3.1.tgz
npm http fetch 200 http://registry.npm.taobao.org/accepts/download/accepts-1.3.3.tgz
npm http fetch 200 http://registry.npm.taobao.org/ws/download/ws-1.1.1.tgz
npm http request GET http://registry.npm.taobao.org/after
npm http request GET http://registry.npm.taobao.org/arraybuffer.slice
npm http request GET http://registry.npm.taobao.org/base64-arraybuffer
npm http request GET http://registry.npm.taobao.org/blob
npm http request GET http://registry.npm.taobao.org/wtf-8
npm http fetch GET http://registry.npm.taobao.org/has-binary/download/has-binary-0.1.6.tgz
npm http 200 http://registry.npm.taobao.org/base64-arraybuffer
npm http 200 http://registry.npm.taobao.org/blob
npm http 200 http://registry.npm.taobao.org/arraybuffer.slice
npm http fetch GET http://registry.npm.taobao.org/base64-arraybuffer/download/base64-arraybuffer-0.1.5.tgz
npm http fetch GET http://registry.npm.taobao.org/blob/download/blob-0.0.4.tgz
npm http fetch GET http://registry.npm.taobao.org/arraybuffer.slice/download/arraybuffer.slice-0.0.6.tgz
npm http 200 http://registry.npm.taobao.org/wtf-8
npm http fetch GET http://registry.npm.taobao.org/wtf-8/download/wtf-8-1.0.0.tgz
npm http 200 http://registry.npm.taobao.org/after
npm http fetch GET http://registry.npm.taobao.org/after/download/after-0.8.1.tgz
npm http fetch 200 http://registry.npm.taobao.org/has-binary/download/has-binary-0.1.6.tgz
npm http fetch 200 http://registry.npm.taobao.org/base64-arraybuffer/download/base64-arraybuffer-0.1.5.tgz
npm http fetch 200 http://registry.npm.taobao.org/arraybuffer.slice/download/arraybuffer.slice-0.0.6.tgz
npm http fetch 200 http://registry.npm.taobao.org/blob/download/blob-0.0.4.tgz
npm http fetch 200 http://registry.npm.taobao.org/wtf-8/download/wtf-8-1.0.0.tgz
npm http fetch 200 http://registry.npm.taobao.org/after/download/after-0.8.1.tgz
npm http request GET http://registry.npm.taobao.org/options
npm http request GET http://registry.npm.taobao.org/ultron
npm http 200 http://registry.npm.taobao.org/ultron
npm http fetch GET http://registry.npm.taobao.org/ultron/download/ultron-1.0.2.tgz
npm http 200 http://registry.npm.taobao.org/options
npm http fetch GET http://registry.npm.taobao.org/options/download/options-0.0.6.tgz
npm http fetch 200 http://registry.npm.taobao.org/ultron/download/ultron-1.0.2.tgz
npm http fetch 200 http://registry.npm.taobao.org/options/download/options-0.0.6.tgz
npm http request GET http://registry.npm.taobao.org/json3
npm http request GET http://registry.npm.taobao.org/component-emitter
npm http 200 http://registry.npm.taobao.org/component-emitter
npm http 200 http://registry.npm.taobao.org/json3
npm http fetch GET http://registry.npm.taobao.org/component-emitter/download/component-emitter-1.1.2.tgz
npm http fetch GET http://registry.npm.taobao.org/json3/download/json3-3.3.2.tgz
npm http fetch 200 http://registry.npm.taobao.org/json3/download/json3-3.3.2.tgz
npm http fetch 200 http://registry.npm.taobao.org/component-emitter/download/component-emitter-1.1.2.tgz
npm http request GET http://registry.npm.taobao.org/backo2
npm http request GET http://registry.npm.taobao.org/component-bind
npm http request GET http://registry.npm.taobao.org/engine.io-client
npm http request GET http://registry.npm.taobao.org/indexof
npm http request GET http://registry.npm.taobao.org/object-component
npm http request GET http://registry.npm.taobao.org/parseuri
npm http request GET http://registry.npm.taobao.org/to-array
npm http fetch GET http://registry.npm.taobao.org/component-emitter/download/component-emitter-1.2.1.tgz
npm http 200 http://registry.npm.taobao.org/backo2
npm http 200 http://registry.npm.taobao.org/object-component
npm http 200 http://registry.npm.taobao.org/parseuri
npm http 200 http://registry.npm.taobao.org/to-array
npm http 200 http://registry.npm.taobao.org/indexof
npm http fetch GET http://registry.npm.taobao.org/backo2/download/backo2-1.0.2.tgz
npm http fetch GET http://registry.npm.taobao.org/object-component/download/object-component-0.0.3.tgz
npm http 200 http://registry.npm.taobao.org/component-bind
npm http fetch GET http://registry.npm.taobao.org/parseuri/download/parseuri-0.0.5.tgz
npm http fetch GET http://registry.npm.taobao.org/to-array/download/to-array-0.1.4.tgz
npm http fetch GET http://registry.npm.taobao.org/indexof/download/indexof-0.0.1.tgz
npm http fetch GET http://registry.npm.taobao.org/component-bind/download/component-bind-1.0.0.tgz
npm http 200 http://registry.npm.taobao.org/engine.io-client
npm http fetch GET http://registry.npm.taobao.org/engine.io-client/download/engine.io-client-1.8.0.tgz
npm http fetch 200 http://registry.npm.taobao.org/component-emitter/download/component-emitter-1.2.1.tgz
npm http fetch 200 http://registry.npm.taobao.org/backo2/download/backo2-1.0.2.tgz
npm http fetch 200 http://registry.npm.taobao.org/indexof/download/indexof-0.0.1.tgz
npm http fetch 200 http://registry.npm.taobao.org/parseuri/download/parseuri-0.0.5.tgz
npm http fetch 200 http://registry.npm.taobao.org/to-array/download/to-array-0.1.4.tgz
npm http fetch 200 http://registry.npm.taobao.org/component-bind/download/component-bind-1.0.0.tgz
npm http fetch 200 http://registry.npm.taobao.org/engine.io-client/download/engine.io-client-1.8.0.tgz
npm http fetch 200 http://registry.npm.taobao.org/object-component/download/object-component-0.0.3.tgz
npm http request GET http://registry.npm.taobao.org/component-inherit
npm http request GET http://registry.npm.taobao.org/has-cors
npm http request GET http://registry.npm.taobao.org/parsejson
npm http request GET http://registry.npm.taobao.org/parseqs
npm http request GET http://registry.npm.taobao.org/xmlhttprequest-ssl
npm http request GET http://registry.npm.taobao.org/yeast
npm http 200 http://registry.npm.taobao.org/component-inherit
npm http 200 http://registry.npm.taobao.org/has-cors
npm http fetch GET http://registry.npm.taobao.org/component-inherit/download/component-inherit-0.0.3.tgz
npm http fetch GET http://registry.npm.taobao.org/has-cors/download/has-cors-1.1.0.tgz
npm http 200 http://registry.npm.taobao.org/xmlhttprequest-ssl
npm http 200 http://registry.npm.taobao.org/parsejson
npm http 200 http://registry.npm.taobao.org/parseqs
npm http 200 http://registry.npm.taobao.org/yeast
npm http fetch GET http://registry.npm.taobao.org/xmlhttprequest-ssl/download/xmlhttprequest-ssl-1.5.3.tgz
npm http fetch GET http://registry.npm.taobao.org/parsejson/download/parsejson-0.0.3.tgz
npm http fetch GET http://registry.npm.taobao.org/parseqs/download/parseqs-0.0.5.tgz
npm http fetch GET http://registry.npm.taobao.org/yeast/download/yeast-0.1.2.tgz
npm http fetch 200 http://registry.npm.taobao.org/has-cors/download/has-cors-1.1.0.tgz
npm http fetch 200 http://registry.npm.taobao.org/component-inherit/download/component-inherit-0.0.3.tgz
npm http fetch 200 http://registry.npm.taobao.org/xmlhttprequest-ssl/download/xmlhttprequest-ssl-1.5.3.tgz
npm http fetch 200 http://registry.npm.taobao.org/parsejson/download/parsejson-0.0.3.tgz
npm http fetch 200 http://registry.npm.taobao.org/parseqs/download/parseqs-0.0.5.tgz
npm http fetch 200 http://registry.npm.taobao.org/yeast/download/yeast-0.1.2.tgz
npm http request GET http://registry.npm.taobao.org/better-assert
npm http 200 http://registry.npm.taobao.org/better-assert
npm http fetch GET http://registry.npm.taobao.org/better-assert/download/better-assert-1.0.2.tgz
npm http fetch 200 http://registry.npm.taobao.org/better-assert/download/better-assert-1.0.2.tgz
npm http request GET http://registry.npm.taobao.org/callsite
npm http 200 http://registry.npm.taobao.org/callsite
npm http fetch GET http://registry.npm.taobao.org/callsite/download/callsite-1.0.0.tgz
npm http fetch 200 http://registry.npm.taobao.org/callsite/download/callsite-1.0.0.tgz
npm http request GET http://registry.npm.taobao.org/camelcase
npm http request GET http://registry.npm.taobao.org/get-caller-file
npm http request GET http://registry.npm.taobao.org/read-pkg-up
npm http request GET http://registry.npm.taobao.org/require-directory
npm http request GET http://registry.npm.taobao.org/require-main-filename
npm http request GET http://registry.npm.taobao.org/set-blocking
npm http request GET http://registry.npm.taobao.org/which-module
npm http request GET http://registry.npm.taobao.org/window-size
npm http request GET http://registry.npm.taobao.org/yargs-parser
npm http 200 http://registry.npm.taobao.org/get-caller-file
npm http 200 http://registry.npm.taobao.org/require-main-filename
npm http 200 http://registry.npm.taobao.org/set-blocking
npm http 200 http://registry.npm.taobao.org/camelcase
npm http 200 http://registry.npm.taobao.org/which-module
npm http 200 http://registry.npm.taobao.org/read-pkg-up
npm http 200 http://registry.npm.taobao.org/require-directory
npm http 200 http://registry.npm.taobao.org/window-size
npm http 200 http://registry.npm.taobao.org/yargs-parser
npm http fetch GET http://registry.npm.taobao.org/get-caller-file/download/get-caller-file-1.0.2.tgz
npm http fetch GET http://registry.npm.taobao.org/require-main-filename/download/require-main-filename-1.0.1.tgz
npm http fetch GET http://registry.npm.taobao.org/set-blocking/download/set-blocking-2.0.0.tgz
npm http fetch GET http://registry.npm.taobao.org/camelcase/download/camelcase-3.0.0.tgz
npm http fetch GET http://registry.npm.taobao.org/which-module/download/which-module-1.0.0.tgz
npm http fetch GET http://registry.npm.taobao.org/read-pkg-up/download/read-pkg-up-1.0.1.tgz
npm http fetch GET http://registry.npm.taobao.org/require-directory/download/require-directory-2.1.1.tgz
npm http fetch GET http://registry.npm.taobao.org/window-size/download/window-size-0.2.0.tgz
npm http fetch GET http://registry.npm.taobao.org/yargs-parser/download/yargs-parser-4.2.1.tgz
npm http fetch 200 http://registry.npm.taobao.org/require-main-filename/download/require-main-filename-1.0.1.tgz
npm http fetch 200 http://registry.npm.taobao.org/get-caller-file/download/get-caller-file-1.0.2.tgz
npm http fetch 200 http://registry.npm.taobao.org/set-blocking/download/set-blocking-2.0.0.tgz
npm http fetch 200 http://registry.npm.taobao.org/read-pkg-up/download/read-pkg-up-1.0.1.tgz
npm http fetch 200 http://registry.npm.taobao.org/which-module/download/which-module-1.0.0.tgz
npm http fetch 200 http://registry.npm.taobao.org/yargs-parser/download/yargs-parser-4.2.1.tgz
npm http fetch 200 http://registry.npm.taobao.org/require-directory/download/require-directory-2.1.1.tgz
npm http fetch 200 http://registry.npm.taobao.org/camelcase/download/camelcase-3.0.0.tgz
npm http fetch 200 http://registry.npm.taobao.org/window-size/download/window-size-0.2.0.tgz
npm http request GET http://registry.npm.taobao.org/find-up
npm http request GET http://registry.npm.taobao.org/read-pkg
npm http 200 http://registry.npm.taobao.org/read-pkg
npm http fetch GET http://registry.npm.taobao.org/read-pkg/download/read-pkg-1.1.0.tgz
npm http 200 http://registry.npm.taobao.org/find-up
npm http fetch GET http://registry.npm.taobao.org/find-up/download/find-up-1.1.2.tgz
npm http fetch 200 http://registry.npm.taobao.org/read-pkg/download/read-pkg-1.1.0.tgz
npm http fetch 200 http://registry.npm.taobao.org/find-up/download/find-up-1.1.2.tgz
npm http request GET http://registry.npm.taobao.org/path-exists
npm http 200 http://registry.npm.taobao.org/path-exists
npm http fetch GET http://registry.npm.taobao.org/path-exists/download/path-exists-2.1.0.tgz
npm http fetch 200 http://registry.npm.taobao.org/path-exists/download/path-exists-2.1.0.tgz
npm http request GET http://registry.npm.taobao.org/load-json-file
npm http request GET http://registry.npm.taobao.org/normalize-package-data
npm http request GET http://registry.npm.taobao.org/path-type
npm http 200 http://registry.npm.taobao.org/load-json-file
npm http fetch GET http://registry.npm.taobao.org/load-json-file/download/load-json-file-1.1.0.tgz
npm http fetch 200 http://registry.npm.taobao.org/load-json-file/download/load-json-file-1.1.0.tgz
npm http 200 http://registry.npm.taobao.org/path-type
npm http fetch GET http://registry.npm.taobao.org/path-type/download/path-type-1.1.0.tgz
npm http 200 http://registry.npm.taobao.org/normalize-package-data
npm http fetch GET http://registry.npm.taobao.org/normalize-package-data/download/normalize-package-data-2.4.0.tgz
npm http fetch 200 http://registry.npm.taobao.org/path-type/download/path-type-1.1.0.tgz
npm http fetch 200 http://registry.npm.taobao.org/normalize-package-data/download/normalize-package-data-2.4.0.tgz
npm http request GET http://registry.npm.taobao.org/parse-json
npm http request GET http://registry.npm.taobao.org/pify
npm http request GET http://registry.npm.taobao.org/strip-bom
npm http 200 http://registry.npm.taobao.org/parse-json
npm http fetch GET http://registry.npm.taobao.org/parse-json/download/parse-json-2.2.0.tgz
npm http 200 http://registry.npm.taobao.org/strip-bom
npm http 200 http://registry.npm.taobao.org/pify
npm http fetch GET http://registry.npm.taobao.org/strip-bom/download/strip-bom-2.0.0.tgz
npm http fetch GET http://registry.npm.taobao.org/pify/download/pify-2.3.0.tgz
npm http fetch 200 http://registry.npm.taobao.org/parse-json/download/parse-json-2.2.0.tgz
npm http fetch 200 http://registry.npm.taobao.org/pify/download/pify-2.3.0.tgz
npm http fetch 200 http://registry.npm.taobao.org/strip-bom/download/strip-bom-2.0.0.tgz
npm http request GET http://registry.npm.taobao.org/error-ex
npm http 200 http://registry.npm.taobao.org/error-ex
npm http fetch GET http://registry.npm.taobao.org/error-ex/download/error-ex-1.3.1.tgz
npm http fetch 200 http://registry.npm.taobao.org/error-ex/download/error-ex-1.3.1.tgz
npm http request GET http://registry.npm.taobao.org/is-arrayish
npm http 200 http://registry.npm.taobao.org/is-arrayish
npm http fetch GET http://registry.npm.taobao.org/is-arrayish/download/is-arrayish-0.2.1.tgz
npm http fetch 200 http://registry.npm.taobao.org/is-arrayish/download/is-arrayish-0.2.1.tgz
npm http request GET http://registry.npm.taobao.org/is-utf8
npm http 200 http://registry.npm.taobao.org/is-utf8
npm http fetch GET http://registry.npm.taobao.org/is-utf8/download/is-utf8-0.2.1.tgz
npm http fetch 200 http://registry.npm.taobao.org/is-utf8/download/is-utf8-0.2.1.tgz
npm http request GET http://registry.npm.taobao.org/hosted-git-info
npm http request GET http://registry.npm.taobao.org/is-builtin-module
npm http request GET http://registry.npm.taobao.org/semver
npm http request GET http://registry.npm.taobao.org/validate-npm-package-license
npm http 200 http://registry.npm.taobao.org/validate-npm-package-license
npm http 200 http://registry.npm.taobao.org/is-builtin-module
npm http 200 http://registry.npm.taobao.org/hosted-git-info
npm http fetch GET http://registry.npm.taobao.org/validate-npm-package-license/download/validate-npm-package-license-3.0.1.tgz
npm http fetch GET http://registry.npm.taobao.org/is-builtin-module/download/is-builtin-module-1.0.0.tgz
npm http fetch GET http://registry.npm.taobao.org/hosted-git-info/download/hosted-git-info-2.5.0.tgz
npm http 200 http://registry.npm.taobao.org/semver
npm http fetch GET http://registry.npm.taobao.org/semver/download/semver-5.4.1.tgz
npm http fetch 200 http://registry.npm.taobao.org/validate-npm-package-license/download/validate-npm-package-license-3.0.1.tgz
npm http fetch 200 http://registry.npm.taobao.org/hosted-git-info/download/hosted-git-info-2.5.0.tgz
npm http fetch 200 http://registry.npm.taobao.org/is-builtin-module/download/is-builtin-module-1.0.0.tgz
npm http fetch 200 http://registry.npm.taobao.org/semver/download/semver-5.4.1.tgz
npm http request GET http://registry.npm.taobao.org/builtin-modules
npm http 200 http://registry.npm.taobao.org/builtin-modules
npm http fetch GET http://registry.npm.taobao.org/builtin-modules/download/builtin-modules-1.1.1.tgz
npm http fetch 200 http://registry.npm.taobao.org/builtin-modules/download/builtin-modules-1.1.1.tgz
npm http request GET http://registry.npm.taobao.org/spdx-correct
npm http request GET http://registry.npm.taobao.org/spdx-expression-parse
npm http 200 http://registry.npm.taobao.org/spdx-correct
npm http fetch GET http://registry.npm.taobao.org/spdx-correct/download/spdx-correct-1.0.2.tgz
npm http 200 http://registry.npm.taobao.org/spdx-expression-parse
npm http fetch GET http://registry.npm.taobao.org/spdx-expression-parse/download/spdx-expression-parse-1.0.4.tgz
npm http fetch 200 http://registry.npm.taobao.org/spdx-expression-parse/download/spdx-expression-parse-1.0.4.tgz
npm http fetch 200 http://registry.npm.taobao.org/spdx-correct/download/spdx-correct-1.0.2.tgz
npm http request GET http://registry.npm.taobao.org/spdx-license-ids
npm http 200 http://registry.npm.taobao.org/spdx-license-ids
npm http fetch GET http://registry.npm.taobao.org/spdx-license-ids/download/spdx-license-ids-1.2.2.tgz
npm http fetch 200 http://registry.npm.taobao.org/spdx-license-ids/download/spdx-license-ids-1.2.2.tgz
npm http request GET http://registry.npm.taobao.org/q
npm http request GET http://registry.npm.taobao.org/stream-buffers
npm http request GET http://registry.npm.taobao.org/uberproto
npm http 200 http://registry.npm.taobao.org/uberproto
npm http 200 http://registry.npm.taobao.org/stream-buffers
npm http fetch GET http://registry.npm.taobao.org/uberproto/download/uberproto-1.2.0.tgz
npm http fetch GET http://registry.npm.taobao.org/stream-buffers/download/stream-buffers-0.2.6.tgz
npm http 200 http://registry.npm.taobao.org/q
npm http fetch GET http://registry.npm.taobao.org/q/download/q-1.5.0.tgz
npm http fetch 200 http://registry.npm.taobao.org/stream-buffers/download/stream-buffers-0.2.6.tgz
npm http fetch 200 http://registry.npm.taobao.org/uberproto/download/uberproto-1.2.0.tgz
npm http fetch 200 http://registry.npm.taobao.org/q/download/q-1.5.0.tgz
npm http request GET http://registry.npm.taobao.org/hexo-util
npm http 200 http://registry.npm.taobao.org/hexo-util
npm http fetch GET http://registry.npm.taobao.org/hexo-util/download/hexo-util-0.5.3.tgz
npm http fetch 200 http://registry.npm.taobao.org/hexo-util/download/hexo-util-0.5.3.tgz
npm http request GET http://registry.npm.taobao.org/cross-spawn
npm http 200 http://registry.npm.taobao.org/cross-spawn
npm http fetch GET http://registry.npm.taobao.org/cross-spawn/download/cross-spawn-2.2.3.tgz
npm http fetch 200 http://registry.npm.taobao.org/cross-spawn/download/cross-spawn-2.2.3.tgz
npm http request GET http://registry.npm.taobao.org/cross-spawn-async
npm http request GET http://registry.npm.taobao.org/spawn-sync
npm http 200 http://registry.npm.taobao.org/spawn-sync
npm http fetch GET http://registry.npm.taobao.org/spawn-sync/download/spawn-sync-1.0.15.tgz
npm http 200 http://registry.npm.taobao.org/cross-spawn-async
npm http fetch GET http://registry.npm.taobao.org/cross-spawn-async/download/cross-spawn-async-2.2.5.tgz
npm http fetch 200 http://registry.npm.taobao.org/spawn-sync/download/spawn-sync-1.0.15.tgz
npm http fetch 200 http://registry.npm.taobao.org/cross-spawn-async/download/cross-spawn-async-2.2.5.tgz
npm http request GET http://registry.npm.taobao.org/concat-stream
npm http request GET http://registry.npm.taobao.org/os-shim
npm http 200 http://registry.npm.taobao.org/os-shim
npm http 200 http://registry.npm.taobao.org/concat-stream
npm http fetch GET http://registry.npm.taobao.org/os-shim/download/os-shim-0.1.3.tgz
npm http fetch GET http://registry.npm.taobao.org/concat-stream/download/concat-stream-1.6.0.tgz
npm http fetch 200 http://registry.npm.taobao.org/concat-stream/download/concat-stream-1.6.0.tgz
npm http fetch 200 http://registry.npm.taobao.org/os-shim/download/os-shim-0.1.3.tgz
npm http request GET http://registry.npm.taobao.org/typedarray
npm http 200 http://registry.npm.taobao.org/typedarray
npm http fetch GET http://registry.npm.taobao.org/typedarray/download/typedarray-0.0.6.tgz
npm http fetch 200 http://registry.npm.taobao.org/typedarray/download/typedarray-0.0.6.tgz
npm WARN skippingAction Module is inside a symlinked module: not running add after@0.8.1 node_modules/after
npm WARN skippingAction Module is inside a symlinked module: not running add arraybuffer.slice@0.0.6 node_modules/arraybuffer.slice
npm WARN skippingAction Module is inside a symlinked module: not running add async-each-series@0.1.1 node_modules/async-each-series
npm WARN skippingAction Module is inside a symlinked module: not running add backo2@1.0.2 node_modules/backo2
npm WARN skippingAction Module is inside a symlinked module: not running add base64-arraybuffer@0.1.5 node_modules/base64-arraybuffer
npm WARN skippingAction Module is inside a symlinked module: not running add base64id@0.1.0 node_modules/base64id
npm WARN skippingAction Module is inside a symlinked module: not running add batch@0.5.3 node_modules/batch
npm WARN skippingAction Module is inside a symlinked module: not running add blob@0.0.4 node_modules/blob
npm WARN skippingAction Module is inside a symlinked module: not running add fresh@0.3.0 node_modules/browser-sync-client/node_modules/fresh
npm WARN skippingAction Module is inside a symlinked module: not running add browser-sync-client@2.5.1 node_modules/browser-sync-client
npm WARN skippingAction Module is inside a symlinked module: not running add camelcase@3.0.0 node_modules/browser-sync/node_modules/camelcase
npm WARN skippingAction Module is inside a symlinked module: not running add ms@0.7.1 node_modules/browser-sync/node_modules/ms
npm WARN skippingAction Module is inside a symlinked module: not running add debug@2.2.0 node_modules/browser-sync/node_modules/debug
npm WARN skippingAction Module is inside a symlinked module: not running add finalhandler@0.5.0 node_modules/browser-sync/node_modules/finalhandler
npm WARN skippingAction Module is inside a symlinked module: not running add connect@3.5.0 node_modules/browser-sync/node_modules/connect
npm WARN skippingAction Module is inside a symlinked module: not running add qs@6.2.1 node_modules/browser-sync/node_modules/qs
npm WARN skippingAction Module is inside a symlinked module: not running add ms@0.7.3 node_modules/browser-sync/node_modules/send/node_modules/debug/node_modules/ms
npm WARN skippingAction Module is inside a symlinked module: not running add debug@2.6.4 node_modules/browser-sync/node_modules/send/node_modules/debug
npm WARN skippingAction Module is inside a symlinked module: not running add ms@1.0.0 node_modules/browser-sync/node_modules/send/node_modules/ms
npm WARN skippingAction Module is inside a symlinked module: not running add send@0.15.2 node_modules/browser-sync/node_modules/send
npm WARN skippingAction Module is inside a symlinked module: not running add serve-static@1.12.2 node_modules/browser-sync/node_modules/serve-static
npm WARN skippingAction Module is inside a symlinked module: not running add window-size@0.2.0 node_modules/browser-sync/node_modules/window-size
npm WARN skippingAction Module is inside a symlinked module: not running add bs-recipes@1.3.4 node_modules/bs-recipes
npm WARN skippingAction Module is inside a symlinked module: not running add builtin-modules@1.1.1 node_modules/builtin-modules
npm WARN skippingAction Module is inside a symlinked module: not running add callsite@1.0.0 node_modules/callsite
npm WARN skippingAction Module is inside a symlinked module: not running add better-assert@1.0.2 node_modules/better-assert
npm WARN skippingAction Module is inside a symlinked module: not running add component-bind@1.0.0 node_modules/component-bind
npm WARN skippingAction Module is inside a symlinked module: not running add component-emitter@1.1.2 node_modules/component-emitter
npm WARN skippingAction Module is inside a symlinked module: not running add component-inherit@0.0.3 node_modules/component-inherit
npm WARN skippingAction Module is inside a symlinked module: not running add connect-history-api-fallback@1.3.0 node_modules/connect-history-api-fallback
npm WARN skippingAction Module is inside a symlinked module: not running add cookie@0.3.1 node_modules/cookie
npm WARN skippingAction Module is inside a symlinked module: not running add cross-spawn-async@2.2.5 node_modules/cross-spawn-async
npm WARN skippingAction Module is inside a symlinked module: not running add dev-ip@1.0.1 node_modules/dev-ip
npm WARN skippingAction Module is inside a symlinked module: not running add lodash@3.10.1 node_modules/easy-extender/node_modules/lodash
npm WARN skippingAction Module is inside a symlinked module: not running add easy-extender@2.3.2 node_modules/easy-extender
npm WARN skippingAction Module is inside a symlinked module: not running add emitter-steward@1.0.0 node_modules/emitter-steward
npm WARN skippingAction Module is inside a symlinked module: not running add component-emitter@1.2.1 node_modules/engine.io-client/node_modules/component-emitter
npm WARN skippingAction Module is inside a symlinked module: not running add ms@0.7.2 node_modules/engine.io-client/node_modules/ms
npm WARN skippingAction Module is inside a symlinked module: not running add debug@2.3.3 node_modules/engine.io-client/node_modules/debug
npm WARN skippingAction Module is inside a symlinked module: not running add has-binary@0.1.6 node_modules/engine.io-parser/node_modules/has-binary
npm WARN skippingAction Module is inside a symlinked module: not running add accepts@1.3.3 node_modules/engine.io/node_modules/accepts
npm WARN skippingAction Module is inside a symlinked module: not running add ms@0.7.2 node_modules/engine.io/node_modules/ms
npm WARN skippingAction Module is inside a symlinked module: not running add debug@2.3.3 node_modules/engine.io/node_modules/debug
npm WARN skippingAction Module is inside a symlinked module: not running add eventemitter3@1.2.0 node_modules/eventemitter3
npm WARN skippingAction Module is inside a symlinked module: not running add mime@1.2.4 node_modules/express/node_modules/mime
npm WARN skippingAction Module is inside a symlinked module: not running add mkdirp@0.3.0 node_modules/express/node_modules/mkdirp
npm WARN skippingAction Module is inside a symlinked module: not running add qs@0.4.2 node_modules/express/node_modules/qs
npm WARN skippingAction Module is inside a symlinked module: not running add formidable@1.0.17 node_modules/formidable
npm WARN skippingAction Module is inside a symlinked module: not running add connect@1.9.2 node_modules/express/node_modules/connect
npm WARN skippingAction Module is inside a symlinked module: not running add express@2.5.11 node_modules/express
npm WARN skippingAction Module is inside a symlinked module: not running update node-pre-gyp@0.6.36 node_modules/fsevents/node_modules/node-pre-gyp
npm WARN skippingAction Module is inside a symlinked module: not running add get-caller-file@1.0.2 node_modules/get-caller-file
npm WARN skippingAction Module is inside a symlinked module: not running add has-binary@0.1.7 node_modules/has-binary
npm WARN skippingAction Module is inside a symlinked module: not running add has-cors@1.1.0 node_modules/has-cors
npm WARN skippingAction Module is inside a symlinked module: not running add hosted-git-info@2.5.0 node_modules/hosted-git-info
npm WARN skippingAction Module is inside a symlinked module: not running add immutable@3.8.1 node_modules/immutable
npm WARN skippingAction Module is inside a symlinked module: not running add indexof@0.0.1 node_modules/indexof
npm WARN skippingAction Module is inside a symlinked module: not running add is-arrayish@0.2.1 node_modules/is-arrayish
npm WARN skippingAction Module is inside a symlinked module: not running add error-ex@1.3.1 node_modules/error-ex
npm WARN skippingAction Module is inside a symlinked module: not running add is-builtin-module@1.0.0 node_modules/is-builtin-module
npm WARN skippingAction Module is inside a symlinked module: not running add is-utf8@0.2.1 node_modules/is-utf8
npm WARN skippingAction Module is inside a symlinked module: not running add json3@3.3.2 node_modules/json3
npm WARN skippingAction Module is inside a symlinked module: not running add jsonfile@3.0.1 node_modules/jsonfile
npm WARN skippingAction Module is inside a symlinked module: not running add limiter@1.1.2 node_modules/limiter
npm WARN skippingAction Module is inside a symlinked module: not running add yargs@3.29.0 node_modules/localtunnel/node_modules/yargs
npm WARN skippingAction Module is inside a symlinked module: not running add lodash.isfinite@3.3.2 node_modules/lodash.isfinite
npm WARN skippingAction Module is inside a symlinked module: not running add is-number-like@1.0.8 node_modules/is-number-like
npm WARN skippingAction Module is inside a symlinked module: not running add object-component@0.0.3 node_modules/object-component
npm WARN skippingAction Module is inside a symlinked module: not running add object-path@0.9.2 node_modules/object-path
npm WARN skippingAction Module is inside a symlinked module: not running add openurl@1.1.1 node_modules/openurl
npm WARN skippingAction Module is inside a symlinked module: not running add localtunnel@1.8.3 node_modules/localtunnel
npm WARN skippingAction Module is inside a symlinked module: not running add options@0.0.6 node_modules/options
npm WARN skippingAction Module is inside a symlinked module: not running add os-shim@0.1.3 node_modules/os-shim
npm WARN skippingAction Module is inside a symlinked module: not running add parse-json@2.2.0 node_modules/parse-json
npm WARN skippingAction Module is inside a symlinked module: not running add parsejson@0.0.3 node_modules/parsejson
npm WARN skippingAction Module is inside a symlinked module: not running add parseqs@0.0.5 node_modules/parseqs
npm WARN skippingAction Module is inside a symlinked module: not running add parseuri@0.0.5 node_modules/parseuri
npm WARN skippingAction Module is inside a symlinked module: not running add path-exists@2.1.0 node_modules/path-exists
npm WARN skippingAction Module is inside a symlinked module: not running add find-up@1.1.2 node_modules/find-up
npm WARN skippingAction Module is inside a symlinked module: not running add pify@2.3.0 node_modules/pify
npm WARN skippingAction Module is inside a symlinked module: not running add path-type@1.1.0 node_modules/path-type
npm WARN skippingAction Module is inside a symlinked module: not running add async@1.5.2 node_modules/portscanner/node_modules/async
npm WARN skippingAction Module is inside a symlinked module: not running add portscanner@2.1.1 node_modules/portscanner
npm WARN skippingAction Module is inside a symlinked module: not running add q@1.5.0 node_modules/q
npm WARN skippingAction Module is inside a symlinked module: not running add require-directory@2.1.1 node_modules/require-directory
npm WARN skippingAction Module is inside a symlinked module: not running add require-main-filename@1.0.1 node_modules/require-main-filename
npm WARN skippingAction Module is inside a symlinked module: not running add requires-port@1.0.0 node_modules/requires-port
npm WARN skippingAction Module is inside a symlinked module: not running add http-proxy@1.15.2 node_modules/http-proxy
npm WARN skippingAction Module is inside a symlinked module: not running add resp-modifier@6.0.2 node_modules/resp-modifier
npm WARN skippingAction Module is inside a symlinked module: not running add rx@4.1.0 node_modules/rx
npm WARN skippingAction Module is inside a symlinked module: not running add semver@5.4.1 node_modules/semver
npm WARN skippingAction Module is inside a symlinked module: not running add ms@0.7.1 node_modules/serve-index/node_modules/ms
npm WARN skippingAction Module is inside a symlinked module: not running add debug@2.2.0 node_modules/serve-index/node_modules/debug
npm WARN skippingAction Module is inside a symlinked module: not running add setprototypeof@1.0.2 node_modules/serve-index/node_modules/setprototypeof
npm WARN skippingAction Module is inside a symlinked module: not running add http-errors@1.5.1 node_modules/serve-index/node_modules/http-errors
npm WARN skippingAction Module is inside a symlinked module: not running add serve-index@1.8.0 node_modules/serve-index
npm WARN skippingAction Module is inside a symlinked module: not running add server-destroy@1.0.1 node_modules/server-destroy
npm WARN skippingAction Module is inside a symlinked module: not running add set-blocking@2.0.0 node_modules/set-blocking
npm WARN skippingAction Module is inside a symlinked module: not running add ms@0.7.2 node_modules/socket.io-adapter/node_modules/ms
npm WARN skippingAction Module is inside a symlinked module: not running add debug@2.3.3 node_modules/socket.io-adapter/node_modules/debug
npm WARN skippingAction Module is inside a symlinked module: not running add component-emitter@1.2.1 node_modules/socket.io-client/node_modules/component-emitter
npm WARN skippingAction Module is inside a symlinked module: not running add ms@0.7.2 node_modules/socket.io-client/node_modules/ms
npm WARN skippingAction Module is inside a symlinked module: not running add debug@2.3.3 node_modules/socket.io-client/node_modules/debug
npm WARN skippingAction Module is inside a symlinked module: not running add ms@0.7.1 node_modules/socket.io-parser/node_modules/ms
npm WARN skippingAction Module is inside a symlinked module: not running add debug@2.2.0 node_modules/socket.io-parser/node_modules/debug
npm WARN skippingAction Module is inside a symlinked module: not running add socket.io-parser@2.3.1 node_modules/socket.io-parser
npm WARN skippingAction Module is inside a symlinked module: not running add socket.io-adapter@0.5.0 node_modules/socket.io-adapter
npm WARN skippingAction Module is inside a symlinked module: not running add ms@0.7.2 node_modules/socket.io/node_modules/ms
npm WARN skippingAction Module is inside a symlinked module: not running add debug@2.3.3 node_modules/socket.io/node_modules/debug
npm WARN skippingAction Module is inside a symlinked module: not running add object-assign@4.1.0 node_modules/socket.io/node_modules/object-assign
npm WARN skippingAction Module is inside a symlinked module: not running add spdx-expression-parse@1.0.4 node_modules/spdx-expression-parse
npm WARN skippingAction Module is inside a symlinked module: not running add spdx-license-ids@1.2.2 node_modules/spdx-license-ids
npm WARN skippingAction Module is inside a symlinked module: not running add spdx-correct@1.0.2 node_modules/spdx-correct
npm WARN skippingAction Module is inside a symlinked module: not running add stream-buffers@0.2.6 node_modules/stream-buffers
npm WARN skippingAction Module is inside a symlinked module: not running add stream-throttle@0.1.3 node_modules/stream-throttle
npm WARN skippingAction Module is inside a symlinked module: not running add strip-bom@2.0.0 node_modules/strip-bom
npm WARN skippingAction Module is inside a symlinked module: not running add load-json-file@1.1.0 node_modules/load-json-file
npm WARN skippingAction Module is inside a symlinked module: not running add tfunk@3.1.0 node_modules/tfunk
npm WARN skippingAction Module is inside a symlinked module: not running add eazy-logger@3.0.2 node_modules/eazy-logger
npm WARN skippingAction Module is inside a symlinked module: not running add to-array@0.1.4 node_modules/to-array
npm WARN skippingAction Module is inside a symlinked module: not running add typedarray@0.0.6 node_modules/typedarray
npm WARN skippingAction Module is inside a symlinked module: not running add concat-stream@1.6.0 node_modules/concat-stream
npm WARN skippingAction Module is inside a symlinked module: not running add spawn-sync@1.0.15 node_modules/spawn-sync
npm WARN skippingAction Module is inside a symlinked module: not running add cross-spawn@2.2.3 node_modules/hexo-deployer-git/node_modules/cross-spawn
npm WARN skippingAction Module is inside a symlinked module: not running add hexo-util@0.5.3 node_modules/hexo-deployer-git/node_modules/hexo-util
npm WARN skippingAction Module is inside a symlinked module: not running add ua-parser-js@0.7.12 node_modules/ua-parser-js
npm WARN skippingAction Module is inside a symlinked module: not running add uberproto@1.2.0 node_modules/uberproto
npm WARN skippingAction Module is inside a symlinked module: not running add ultron@1.0.2 node_modules/ultron
npm WARN skippingAction Module is inside a symlinked module: not running add universalify@0.1.1 node_modules/universalify
npm WARN skippingAction Module is inside a symlinked module: not running add fs-extra@3.0.1 node_modules/fs-extra
npm WARN skippingAction Module is inside a symlinked module: not running add validate-npm-package-license@3.0.1 node_modules/validate-npm-package-license
npm WARN skippingAction Module is inside a symlinked module: not running add normalize-package-data@2.4.0 node_modules/normalize-package-data
npm WARN skippingAction Module is inside a symlinked module: not running add read-pkg@1.1.0 node_modules/read-pkg
npm WARN skippingAction Module is inside a symlinked module: not running add read-pkg-up@1.0.1 node_modules/read-pkg-up
npm WARN skippingAction Module is inside a symlinked module: not running add nopt@3.0.6 node_modules/weinre/node_modules/nopt
npm WARN skippingAction Module is inside a symlinked module: not running add underscore@1.7.0 node_modules/weinre/node_modules/underscore
npm WARN skippingAction Module is inside a symlinked module: not running add weinre@2.0.0-pre-I0Z7U9OV node_modules/weinre
npm WARN skippingAction Module is inside a symlinked module: not running add browser-sync-ui@0.6.3 node_modules/browser-sync-ui
npm WARN skippingAction Module is inside a symlinked module: not running add which-module@1.0.0 node_modules/which-module
npm WARN skippingAction Module is inside a symlinked module: not running add ws@1.1.1 node_modules/ws
npm WARN skippingAction Module is inside a symlinked module: not running add wtf-8@1.0.0 node_modules/wtf-8
npm WARN skippingAction Module is inside a symlinked module: not running add engine.io-parser@1.3.1 node_modules/engine.io-parser
npm WARN skippingAction Module is inside a symlinked module: not running add engine.io@1.8.0 node_modules/engine.io
npm WARN skippingAction Module is inside a symlinked module: not running add xmlhttprequest-ssl@1.5.3 node_modules/xmlhttprequest-ssl
npm WARN skippingAction Module is inside a symlinked module: not running add camelcase@3.0.0 node_modules/yargs-parser/node_modules/camelcase
npm WARN skippingAction Module is inside a symlinked module: not running add yargs-parser@4.2.1 node_modules/yargs-parser
npm WARN skippingAction Module is inside a symlinked module: not running add yargs@6.4.0 node_modules/browser-sync/node_modules/yargs
npm WARN skippingAction Module is inside a symlinked module: not running add yeast@0.1.2 node_modules/yeast
npm WARN skippingAction Module is inside a symlinked module: not running add engine.io-client@1.8.0 node_modules/engine.io-client
npm WARN skippingAction Module is inside a symlinked module: not running add socket.io-client@1.6.0 node_modules/socket.io-client
npm WARN skippingAction Module is inside a symlinked module: not running add socket.io@1.6.0 node_modules/socket.io
hexo-site@0.0.0 /root/Gitai
└── (empty)

npm WARN enoent ENOENT: no such file or directory, open '/root/Gitai/node_modules/_connect-injector@0.4.4@connect-injector/package.json'
npm WARN enoent ENOENT: no such file or directory, open '/root/Gitai/node_modules/_hexo-util@0.5.3@hexo-util/package.json'
npm WARN enoent ENOENT: no such file or directory, open '/root/Gitai/node_modules/_merge@1.2.0@merge/package.json'
npm ERR! code 1
✖ Install fail! Error: post install error, please remove node_modules before retry!
Run "sh -c cd ../.. && npm install --save hexo-inject" error, exit code 1
Error: post install error, please remove node_modules before retry!
Run "sh -c cd ../.. && npm install --save hexo-inject" error, exit code 1
    at ChildProcess.<anonymous> (/usr/local/lib/node_modules/cnpm/node_modules/runscript/index.js:74:21)
    at emitTwo (events.js:87:13)
    at ChildProcess.emit (events.js:172:7)
    at maybeClose (internal/child_process.js:821:16)
    at Process.ChildProcess._handle.onexit (internal/child_process.js:211:5)
npminstall version: 3.1.1
npminstall args: /usr/bin/nodejs /usr/local/lib/node_modules/cnpm/node_modules/npminstall/bin/install.js --china --userconfig=/root/.cnpmrc --disturl=https://npm.taobao.org/mirrors/node --registry=http://registry.npm.taobao.org
WARN engine color-themes-for-google-code-prettify@2.0.4: wanted: {"node":">=5.9.0"} (current: {"node":"4.2.6","npm":"3.5.2"})
npm WARN deprecated hexo-github@1.0.1: The author does not use Hexo any more. This plugin is no longer maintained.
npm WARN deprecated hexo-inject@1.0.0: The author does not use Hexo any more. This plugin is no longer maintained.
npm WARN deprecated swig@1.4.2: This package is no longer maintained
npm WARN deprecated express@2.5.11: express 2.x series is deprecated
npm WARN deprecated connect@1.9.2: connect 1.x series is deprecated
npm WARN deprecated nunjucks@1.3.4: potential XSS vulnerability in autoescape mode, and with escape filter was fixed in v2.4.3
npm WARN deprecated graceful-fs@2.0.3: graceful-fs v3.0.0 and before will fail on node releases >= v7.0. Please update to graceful-fs@^4.0.0 as soon as possible. Use 'npm ls graceful-fs' to find it in the tree.
npm WARN deprecated minimatch@0.2.14: Please update to minimatch 3.0.2 or higher to avoid a RegExp DoS issue
npm WARN deprecated minimatch@2.0.10: Please update to minimatch 3.0.2 or higher to avoid a RegExp DoS issue
npm WARN deprecated minimatch@0.3.0: Please update to minimatch 3.0.2 or higher to avoid a RegExp DoS issue
npm WARN deprecated jade@1.11.0: Jade has been renamed to pug, please install the latest version of pug instead of jade
npm WARN deprecated transformers@2.1.0: Deprecated, use jstransformer

> dtrace-provider@0.8.5 install /root/Gitai/node_modules/dtrace-provider
> node scripts/install.js


> spawn-sync@1.0.15 postinstall /root/Gitai/node_modules/spawn-sync
> node postinstall


> hexo-util@0.5.3 postinstall /root/Gitai/node_modules/hexo-deployer-git/node_modules/hexo-util
> npm run build:highlight


> hexo-util@0.5.3 build:highlight /root/Gitai/node_modules/hexo-deployer-git/node_modules/hexo-util
> node scripts/build_highlight_alias.js > highlight_alias.json


> hexo-util@0.6.1 postinstall /root/Gitai/node_modules/hexo-util
> npm run build:highlight


> hexo-util@0.6.1 build:highlight /root/Gitai/node_modules/hexo-util
> node scripts/build_highlight_alias.js > highlight_alias.json


> hexo-math@3.0.3 postinstall /root/Gitai/node_modules/hexo-math
> cd ../.. && npm install --save hexo-inject

npm WARN deprecated hexo-inject@1.0.0: The author does not use Hexo any more. This plugin is no longer maintained.
npm WARN optional Skipping failed optional dependency /chokidar/fsevents:
npm WARN notsup Not compatible with your operating system or architecture: fsevents@1.1.2
npm WARN optional Skipping failed optional dependency /hexo-github/nunjucks/chokidar/fsevents:
npm WARN notsup Not compatible with your operating system or architecture: fsevents@0.3.8
hexo-site@0.0.0 /root/Gitai
├── color-themes-for-google-code-prettify@2.0.4 
├─┬ hexo@3.3.8 
│ ├── abbrev@1.1.0 
│ ├── archy@1.0.0 
│ ├── bluebird@3.5.0 
│ ├─┬ chalk@1.1.3 
│ │ ├── ansi-styles@2.2.1 
│ │ ├── escape-string-regexp@1.0.5 
│ │ ├─┬ has-ansi@2.0.0 
│ │ │ └── ansi-regex@2.1.1 
│ │ ├── strip-ansi@3.0.1 
│ │ └── supports-color@2.0.0 
│ ├─┬ cheerio@0.20.0 
│ │ ├─┬ css-select@1.2.0 
│ │ │ ├── boolbase@1.0.0 
│ │ │ ├── css-what@2.1.0 
│ │ │ ├── domutils@1.5.1 
│ │ │ └── nth-check@1.0.1 
│ │ ├─┬ dom-serializer@0.1.0 
│ │ │ └── domelementtype@1.1.3 
│ │ ├── entities@1.1.1 
│ │ ├─┬ htmlparser2@3.8.3 
│ │ │ ├── domelementtype@1.3.0 
│ │ │ ├── domhandler@2.3.0 
│ │ │ ├── entities@1.0.0 
│ │ │ └─┬ readable-stream@1.1.14 
│ │ │   ├── core-util-is@1.0.2 
│ │ │   ├── isarray@0.0.1 
│ │ │   └── string_decoder@0.10.31 
│ │ └─┬ jsdom@7.2.2 
│ │   ├── abab@1.0.3 
│ │   ├── acorn@2.7.0 
│ │   ├── acorn-globals@1.0.9 
│ │   ├── cssom@0.3.2 
│ │   ├── cssstyle@0.2.37 
│ │   ├─┬ escodegen@1.8.1 
│ │   │ ├── esprima@2.7.3 
│ │   │ ├── estraverse@1.9.3 
│ │   │ ├── esutils@2.0.2 
│ │   │ ├─┬ optionator@0.8.2 
│ │   │ │ ├── deep-is@0.1.3 
│ │   │ │ ├── fast-levenshtein@2.0.6 
│ │   │ │ ├── levn@0.3.0 
│ │   │ │ ├── prelude-ls@1.1.2 
│ │   │ │ ├── type-check@0.3.2 
│ │   │ │ └── wordwrap@1.0.0 
│ │   │ └── source-map@0.2.0 
│ │   ├── nwmatcher@1.4.1 
│ │   ├── parse5@1.5.1 
│ │   ├── sax@1.2.4 
│ │   ├── symbol-tree@3.2.2 
│ │   ├─┬ tough-cookie@2.3.2 
│ │   │ └── punycode@1.4.1 
│ │   ├── webidl-conversions@2.0.1 
│ │   ├─┬ whatwg-url-compat@0.6.5 
│ │   │ └── tr46@0.0.3 
│ │   └── xml-name-validator@2.0.1 
│ ├─┬ deep-assign@2.0.0 
│ │ └── is-obj@1.0.1 
│ ├─┬ hexo-cli@1.0.3 
│ │ ├── command-exists@1.2.2 
│ │ └── minimist@1.2.0 
│ ├── hexo-front-matter@0.2.3 
│ ├─┬ hexo-fs@0.2.1 
│ │ ├─┬ chokidar@1.7.0 
│ │ │ ├── anymatch@1.3.2 
│ │ │ ├── async-each@1.0.1 
│ │ │ ├── glob-parent@2.0.0 
│ │ │ ├── inherits@2.0.3 
│ │ │ ├─┬ is-binary-path@1.0.1 
│ │ │ │ └── binary-extensions@1.10.0 
│ │ │ ├── is-glob@2.0.1 
│ │ │ ├── path-is-absolute@1.0.1 
│ │ │ └─┬ readdirp@2.1.0 
│ │ │   ├─┬ readable-stream@2.3.3 
│ │ │   │ ├── isarray@1.0.0 
│ │ │   │ ├── process-nextick-args@1.0.7 
│ │ │   │ ├── string_decoder@1.0.3 
│ │ │   │ └── util-deprecate@1.0.2 
│ │ │   └── set-immediate-shim@1.0.1 
│ │ └── graceful-fs@4.1.11 
│ ├─┬ hexo-i18n@0.2.1 
│ │ └── sprintf-js@1.0.3 
│ ├─┬ hexo-log@0.1.3 
│ │ └─┬ bunyan@1.8.12 
│ │   ├─┬ dtrace-provider@0.8.5 
│ │   │ └── nan@2.7.0 
│ │   ├─┬ mv@2.1.1 
│ │   │ ├── ncp@2.0.0 
│ │   │ └─┬ rimraf@2.4.5 
│ │   │   └── glob@6.0.4 
│ │   └── safe-json-stringify@1.0.4 
│ ├─┬ hexo-util@0.6.1 
│ │ ├─┬ camel-case@3.0.0 
│ │ │ ├── no-case@2.3.1 
│ │ │ └── upper-case@1.1.3 
│ │ ├─┬ cross-spawn@4.0.2 
│ │ │ ├─┬ lru-cache@4.1.1 
│ │ │ │ ├── pseudomap@1.0.2 
│ │ │ │ └── yallist@2.1.2 
│ │ │ └─┬ which@1.3.0 
│ │ │   └── isexe@2.0.0 
│ │ ├── highlight.js@9.12.0 
│ │ └── striptags@2.2.1 
│ ├─┬ js-yaml@3.9.1 
│ │ ├── argparse@1.0.9 
│ │ └── esprima@4.0.0 
│ ├── lodash@4.17.4 
│ ├─┬ minimatch@3.0.4 
│ │ └─┬ brace-expansion@1.1.8 
│ │   ├── balanced-match@1.0.0 
│ │   └── concat-map@0.0.1 
│ ├── moment@2.13.0 
│ ├── moment-timezone@0.5.13 
│ ├─┬ nunjucks@2.5.2 
│ │ ├── asap@2.0.6 
│ │ └─┬ yargs@3.32.0 
│ │   ├── camelcase@2.1.1 
│ │   ├─┬ cliui@3.2.0 
│ │   │ └── wrap-ansi@2.1.0 
│ │   ├── decamelize@1.2.0 
│ │   ├─┬ os-locale@1.4.0 
│ │   │ └─┬ lcid@1.0.0 
│ │   │   └── invert-kv@1.0.0 
│ │   ├─┬ string-width@1.0.2 
│ │   │ ├── code-point-at@1.1.0 
│ │   │ └─┬ is-fullwidth-code-point@1.0.0 
│ │   │   └── number-is-nan@1.0.1 
│ │   ├── window-size@0.1.4 
│ │   └── y18n@3.2.1 
│ ├── pretty-hrtime@1.0.3 
│ ├─┬ strip-indent@1.0.1 
│ │ └── get-stdin@4.0.1 
│ ├─┬ swig@1.4.2 
│ │ ├─┬ optimist@0.6.1 
│ │ │ ├── minimist@0.0.10 
│ │ │ └── wordwrap@0.0.3 
│ │ └─┬ uglify-js@2.4.24 
│ │   ├── async@0.2.10 
│ │   ├── source-map@0.1.34 
│ │   ├── uglify-to-browserify@1.0.2 
│ │   └─┬ yargs@3.5.4 
│ │     ├── camelcase@1.2.1 
│ │     ├── window-size@0.1.0 
│ │     └── wordwrap@0.0.2 
│ ├─┬ swig-extras@0.0.1 
│ │ └─┬ markdown@0.5.0 
│ │   └── nopt@2.1.2 
│ ├── text-table@0.2.0 
│ ├─┬ tildify@1.2.0 
│ │ └── os-homedir@1.0.2 
│ ├── titlecase@1.1.2 
│ └─┬ warehouse@2.2.0 
│   ├─┬ cuid@1.3.8 
│   │ ├── browser-fingerprint@0.0.1 
│   │ ├── core-js@1.2.7 
│   │ └── node-fingerprint@0.0.2 
│   ├─┬ is-plain-object@2.0.4 
│   │ └── isobject@3.0.1 
│   └─┬ JSONStream@1.3.1 
│     ├── jsonparse@1.3.1 
│     └── through@2.3.8 
├─┬ hexo-browsersync@0.2.0 
│ ├── bluebird@2.11.0 
│ ├─┬ browser-sync@2.18.13 
│ │ ├─┬ browser-sync-client@2.5.1 
│ │ │ ├── etag@1.8.0 
│ │ │ └── fresh@0.3.0 
│ │ ├─┬ browser-sync-ui@0.6.3 
│ │ │ ├── async-each-series@0.1.1 
│ │ │ ├── connect-history-api-fallback@1.3.0 
│ │ │ ├─┬ stream-throttle@0.1.3 
│ │ │ │ ├── commander@2.11.0 
│ │ │ │ └── limiter@1.1.2 
│ │ │ └─┬ weinre@2.0.0-pre-I0Z7U9OV 
│ │ │   ├─┬ express@2.5.11 
│ │ │   │ ├─┬ connect@1.9.2 
│ │ │   │ │ └── formidable@1.0.17 
│ │ │   │ ├── mime@1.2.4 
│ │ │   │ ├── mkdirp@0.3.0 
│ │ │   │ └── qs@0.4.2 
│ │ │   ├── nopt@3.0.6 
│ │ │   └── underscore@1.7.0 
│ │ ├── bs-recipes@1.3.4 
│ │ ├── dev-ip@1.0.1 
│ │ ├─┬ easy-extender@2.3.2 
│ │ │ └── lodash@3.10.1 
│ │ ├─┬ eazy-logger@3.0.2 
│ │ │ └─┬ tfunk@3.1.0 
│ │ │   └── object-path@0.9.2 
│ │ ├── emitter-steward@1.0.0 
│ │ ├─┬ fs-extra@3.0.1 
│ │ │ ├── jsonfile@3.0.1 
│ │ │ └── universalify@0.1.1 
│ │ ├─┬ http-proxy@1.15.2 
│ │ │ ├── eventemitter3@1.2.0 
│ │ │ └── requires-port@1.0.0 
│ │ ├── immutable@3.8.1 
│ │ ├─┬ localtunnel@1.8.3 
│ │ │ ├─┬ debug@2.6.8 
│ │ │ │ └── ms@2.0.0 
│ │ │ ├── openurl@1.1.1 
│ │ │ └─┬ yargs@3.29.0 
│ │ │   └── camelcase@1.2.1 
│ │ ├─┬ micromatch@2.3.11 
│ │ │ ├─┬ arr-diff@2.0.0 
│ │ │ │ └── arr-flatten@1.1.0 
│ │ │ ├── array-unique@0.2.1 
│ │ │ ├─┬ braces@1.8.5 
│ │ │ │ ├─┬ expand-range@1.8.2 
│ │ │ │ │ └─┬ fill-range@2.2.3 
│ │ │ │ │   ├── is-number@2.1.0 
│ │ │ │ │   ├─┬ isobject@2.1.0 
│ │ │ │ │   │ └── isarray@1.0.0 
│ │ │ │ │   ├─┬ randomatic@1.1.7 
│ │ │ │ │   │ ├─┬ is-number@3.0.0 
│ │ │ │ │   │ │ └── kind-of@3.2.2 
│ │ │ │ │   │ └── kind-of@4.0.0 
│ │ │ │ │   └── repeat-string@1.6.1 
│ │ │ │ ├── preserve@0.2.0 
│ │ │ │ └── repeat-element@1.1.2 
│ │ │ ├─┬ expand-brackets@0.1.5 
│ │ │ │ └── is-posix-bracket@0.1.1 
│ │ │ ├── extglob@0.3.2 
│ │ │ ├── filename-regex@2.0.1 
│ │ │ ├── is-extglob@1.0.0 
│ │ │ ├─┬ kind-of@3.2.2 
│ │ │ │ └── is-buffer@1.1.5 
│ │ │ ├─┬ normalize-path@2.1.1 
│ │ │ │ └── remove-trailing-separator@1.1.0 
│ │ │ ├─┬ object.omit@2.0.1 
│ │ │ │ ├─┬ for-own@0.1.5 
│ │ │ │ │ └── for-in@1.0.2 
│ │ │ │ └── is-extendable@0.1.1 
│ │ │ ├─┬ parse-glob@3.0.4 
│ │ │ │ ├── glob-base@0.3.0 
│ │ │ │ └── is-dotfile@1.0.3 
│ │ │ └─┬ regex-cache@0.4.4 
│ │ │   └─┬ is-equal-shallow@0.1.3 
│ │ │     └── is-primitive@2.0.0 
│ │ ├─┬ portscanner@2.1.1 
│ │ │ ├── async@1.5.2 
│ │ │ └─┬ is-number-like@1.0.8 
│ │ │   └── lodash.isfinite@3.3.2 
│ │ ├── qs@6.2.1 
│ │ ├── resp-modifier@6.0.2 
│ │ ├── rx@4.1.0 
│ │ ├─┬ serve-index@1.8.0 
│ │ │ ├── batch@0.5.3 
│ │ │ ├─┬ http-errors@1.5.1 
│ │ │ │ └── setprototypeof@1.0.2 
│ │ │ └── mime-types@2.1.17 
│ │ ├── server-destroy@1.0.1 
│ │ ├─┬ socket.io@1.6.0 
│ │ │ ├─┬ debug@2.3.3 
│ │ │ │ └── ms@0.7.2 
│ │ │ ├─┬ engine.io@1.8.0 
│ │ │ │ ├── accepts@1.3.3 
│ │ │ │ ├── base64id@0.1.0 
│ │ │ │ ├── cookie@0.3.1 
│ │ │ │ ├─┬ debug@2.3.3 
│ │ │ │ │ └── ms@0.7.2 
│ │ │ │ ├─┬ engine.io-parser@1.3.1 
│ │ │ │ │ ├── after@0.8.1 
│ │ │ │ │ ├── arraybuffer.slice@0.0.6 
│ │ │ │ │ ├── base64-arraybuffer@0.1.5 
│ │ │ │ │ ├── blob@0.0.4 
│ │ │ │ │ ├── has-binary@0.1.6 
│ │ │ │ │ └── wtf-8@1.0.0 
│ │ │ │ └─┬ ws@1.1.1 
│ │ │ │   ├── options@0.0.6 
│ │ │ │   └── ultron@1.0.2 
│ │ │ ├── has-binary@0.1.7 
│ │ │ ├── object-assign@4.1.0 
│ │ │ ├─┬ socket.io-adapter@0.5.0 
│ │ │ │ └─┬ debug@2.3.3 
│ │ │ │   └── ms@0.7.2 
│ │ │ └─┬ socket.io-parser@2.3.1 
│ │ │   ├── component-emitter@1.1.2 
│ │ │   └── json3@3.3.2 
│ │ ├─┬ socket.io-client@1.6.0 
│ │ │ ├── backo2@1.0.2 
│ │ │ ├── component-bind@1.0.0 
│ │ │ ├── component-emitter@1.2.1 
│ │ │ ├─┬ debug@2.3.3 
│ │ │ │ └── ms@0.7.2 
│ │ │ ├─┬ engine.io-client@1.8.0 
│ │ │ │ ├── component-emitter@1.2.1 
│ │ │ │ ├── component-inherit@0.0.3 
│ │ │ │ ├─┬ debug@2.3.3 
│ │ │ │ │ └── ms@0.7.2 
│ │ │ │ ├── has-cors@1.1.0 
│ │ │ │ ├── parsejson@0.0.3 
│ │ │ │ ├── parseqs@0.0.5 
│ │ │ │ ├── xmlhttprequest-ssl@1.5.3 
│ │ │ │ └── yeast@0.1.2 
│ │ │ ├── indexof@0.0.1 
│ │ │ ├── object-component@0.0.3 
│ │ │ ├─┬ parseuri@0.0.5 
│ │ │ │ └─┬ better-assert@1.0.2 
│ │ │ │   └── callsite@1.0.0 
│ │ │ └── to-array@0.1.4 
│ │ ├── ua-parser-js@0.7.12 
│ │ └─┬ yargs@6.4.0 
│ │   ├── camelcase@3.0.0 
│ │   ├── get-caller-file@1.0.2 
│ │   ├─┬ read-pkg-up@1.0.1 
│ │   │ ├─┬ find-up@1.1.2 
│ │   │ │ └── path-exists@2.1.0 
│ │   │ └─┬ read-pkg@1.1.0 
│ │   │   ├─┬ load-json-file@1.1.0 
│ │   │   │ ├─┬ parse-json@2.2.0 
│ │   │   │ │ └─┬ error-ex@1.3.1 
│ │   │   │ │   └── is-arrayish@0.2.1 
│ │   │   │ ├── pify@2.3.0 
│ │   │   │ └─┬ strip-bom@2.0.0 
│ │   │   │   └── is-utf8@0.2.1 
│ │   │   ├─┬ normalize-package-data@2.4.0 
│ │   │   │ ├── hosted-git-info@2.5.0 
│ │   │   │ ├─┬ is-builtin-module@1.0.0 
│ │   │   │ │ └── builtin-modules@1.1.1 
│ │   │   │ ├── semver@5.4.1 
│ │   │   │ └─┬ validate-npm-package-license@3.0.1 
│ │   │   │   ├─┬ spdx-correct@1.0.2 
│ │   │   │   │ └── spdx-license-ids@1.2.2 
│ │   │   │   └── spdx-expression-parse@1.0.4 
│ │   │   └── path-type@1.1.0 
│ │   ├── require-directory@2.1.1 
│ │   ├── require-main-filename@1.0.1 
│ │   ├── set-blocking@2.0.0 
│ │   ├── which-module@1.0.0 
│ │   ├── window-size@0.2.0 
│ │   └─┬ yargs-parser@4.2.1 
│ │     └── camelcase@3.0.0 
│ ├─┬ connect-injector@0.4.4 
│ │ ├─┬ debug@2.2.0 
│ │ │ └── ms@0.7.1 
│ │ ├── q@1.5.0 
│ │ ├── stream-buffers@0.2.6 
│ │ └── uberproto@1.2.0 
│ └── merge@1.2.0 
├─┬ hexo-deployer-git@0.1.0 
│ ├── hexo-fs@0.1.6 
│ └─┬ hexo-util@0.5.3 
│   ├─┬ camel-case@1.2.2 
│   │ └── sentence-case@1.1.3 
│   └─┬ cross-spawn@2.2.3 
│     ├── cross-spawn-async@2.2.5 
│     └─┬ spawn-sync@1.0.15 
│       ├─┬ concat-stream@1.6.0 
│       │ ├─┬ readable-stream@2.3.3 
│       │ │ ├── isarray@1.0.0 
│       │ │ └── string_decoder@1.0.3 
│       │ └── typedarray@0.0.6 
│       └── os-shim@0.1.3 
├─┬ hexo-generator-archive@0.1.4 
│ ├─┬ hexo-pagination@0.0.2 
│ │ └── utils-merge@1.0.0 
│ └── object-assign@2.1.1 
├─┬ hexo-generator-category@0.1.3 
│ └── object-assign@2.1.1 
├─┬ hexo-generator-feed@1.2.0 
│ └── object-assign@4.1.1 
├── hexo-generator-index@0.2.1 
├── hexo-generator-sitemap@1.2.0 
├── hexo-generator-tag@0.2.0 
├─┬ hexo-github@1.0.1 
│ ├── bluebird@2.11.0 
│ ├─┬ hexo-fs@0.1.6 
│ │ └── bluebird@3.5.0 
│ ├─┬ less@2.7.2 
│ │ ├─┬ errno@0.1.4 
│ │ │ └── prr@0.0.0 
│ │ ├── image-size@0.5.5 
│ │ ├── mime@1.4.0 
│ │ ├─┬ mkdirp@0.5.1 
│ │ │ └── minimist@0.0.8 
│ │ ├── promise@7.3.1 
│ │ ├─┬ request@2.81.0 
│ │ │ ├── aws-sign2@0.6.0 
│ │ │ ├── aws4@1.6.0 
│ │ │ ├── caseless@0.12.0 
│ │ │ ├─┬ combined-stream@1.0.5 
│ │ │ │ └── delayed-stream@1.0.0 
│ │ │ ├── extend@3.0.1 
│ │ │ ├── forever-agent@0.6.1 
│ │ │ ├─┬ form-data@2.1.4 
│ │ │ │ └── asynckit@0.4.0 
│ │ │ ├─┬ har-validator@4.2.1 
│ │ │ │ ├─┬ ajv@4.11.8 
│ │ │ │ │ ├── co@4.6.0 
│ │ │ │ │ └─┬ json-stable-stringify@1.0.1 
│ │ │ │ │   └── jsonify@0.0.0 
│ │ │ │ └── har-schema@1.0.5 
│ │ │ ├─┬ hawk@3.1.3 
│ │ │ │ ├── boom@2.10.1 
│ │ │ │ ├── cryptiles@2.0.5 
│ │ │ │ ├── hoek@2.16.3 
│ │ │ │ └── sntp@1.0.9 
│ │ │ ├─┬ http-signature@1.1.1 
│ │ │ │ ├── assert-plus@0.2.0 
│ │ │ │ ├─┬ jsprim@1.4.1 
│ │ │ │ │ ├── assert-plus@1.0.0 
│ │ │ │ │ ├── extsprintf@1.3.0 
│ │ │ │ │ ├── json-schema@0.2.3 
│ │ │ │ │ └─┬ verror@1.10.0 
│ │ │ │ │   └── assert-plus@1.0.0 
│ │ │ │ └─┬ sshpk@1.13.1 
│ │ │ │   ├── asn1@0.2.3 
│ │ │ │   ├── assert-plus@1.0.0 
│ │ │ │   ├── bcrypt-pbkdf@1.0.1 
│ │ │ │   ├─┬ dashdash@1.14.1 
│ │ │ │   │ └── assert-plus@1.0.0 
│ │ │ │   ├── ecc-jsbn@0.1.1 
│ │ │ │   ├─┬ getpass@0.1.7 
│ │ │ │   │ └── assert-plus@1.0.0 
│ │ │ │   ├── jsbn@0.1.1 
│ │ │ │   └── tweetnacl@0.14.5 
│ │ │ ├── is-typedarray@1.0.0 
│ │ │ ├── isstream@0.1.2 
│ │ │ ├── json-stringify-safe@5.0.1 
│ │ │ ├── oauth-sign@0.8.2 
│ │ │ ├── performance-now@0.2.0 
│ │ │ ├── qs@6.4.0 
│ │ │ ├── stringstream@0.0.5 
│ │ │ ├── tunnel-agent@0.6.0 
│ │ │ └── uuid@3.1.0 
│ │ └── source-map@0.5.7 
│ └─┬ nunjucks@1.3.4 
│   └─┬ chokidar@0.12.6 
│     ├── async-each@0.1.6 
│     └─┬ readdirp@1.3.0 
│       ├── graceful-fs@2.0.3 
│       ├─┬ minimatch@0.2.14 
│       │ ├── lru-cache@2.7.3 
│       │ └── sigmund@1.0.1 
│       └── readable-stream@1.0.34 
├─┬ hexo-html-minifier@0.0.1 
│ ├─┬ html-minifier@0.6.9 
│ │ ├─┬ change-case@2.1.6 
│ │ │ ├── camel-case@1.2.2 
│ │ │ ├── constant-case@1.1.2 
│ │ │ ├── dot-case@1.1.2 
│ │ │ ├── is-lower-case@1.1.3 
│ │ │ ├── is-upper-case@1.1.2 
│ │ │ ├── lower-case@1.1.4 
│ │ │ ├── param-case@1.1.2 
│ │ │ ├─┬ pascal-case@1.1.2 
│ │ │ │ └── camel-case@1.2.2 
│ │ │ ├── path-case@1.1.2 
│ │ │ ├── snake-case@1.1.2 
│ │ │ ├── swap-case@1.1.2 
│ │ │ ├── title-case@1.1.2 
│ │ │ └── upper-case-first@1.1.2 
│ │ ├─┬ clean-css@2.2.23 
│ │ │ └── commander@2.2.0 
│ │ ├─┬ cli@0.6.6 
│ │ │ ├── exit@0.1.2 
│ │ │ └─┬ glob@3.2.11 
│ │ │   └─┬ minimatch@0.3.0 
│ │ │     └── lru-cache@2.7.3 
│ │ └── relateurl@0.2.7 
│ ├── minimatch@2.0.10 
│ └── object-assign@2.1.1 
├─┬ hexo-inject@1.0.0 
│ ├─┬ babel-plugin-transform-decorators-legacy@1.3.4 
│ │ ├── babel-plugin-syntax-decorators@6.13.0 
│ │ ├─┬ babel-runtime@6.26.0 
│ │ │ ├── core-js@2.5.1 
│ │ │ └── regenerator-runtime@0.11.0 
│ │ └─┬ babel-template@6.26.0 
│ │   ├─┬ babel-traverse@6.26.0 
│ │   │ ├─┬ babel-code-frame@6.26.0 
│ │   │ │ └── js-tokens@3.0.2 
│ │   │ ├── babel-messages@6.23.0 
│ │   │ ├─┬ debug@2.6.8 
│ │   │ │ └── ms@2.0.0 
│ │   │ ├── globals@9.18.0 
│ │   │ └─┬ invariant@2.2.2 
│ │   │   └── loose-envify@1.3.1 
│ │   ├─┬ babel-types@6.26.0 
│ │   │ └── to-fast-properties@1.0.3 
│ │   └── babylon@6.18.0 
│ ├─┬ babel-polyfill@6.26.0 
│ │ ├── core-js@2.5.1 
│ │ └── regenerator-runtime@0.10.5 
│ ├── core-decorators@0.11.2 
│ └── underscore@1.8.3 
├─┬ hexo-math@3.0.3 
│ ├── html-entities@1.2.1 
│ ├─┬ katex@0.6.0 
│ │ └── match-at@0.1.0 
│ └── underscore@1.8.3 
├─┬ hexo-renderer-ejs@0.2.0 
│ └── ejs@1.0.0 
├─┬ hexo-renderer-jade@0.3.0 
│ └─┬ jade@1.11.0 
│   ├── character-parser@1.2.1 
│   ├─┬ clean-css@3.4.28 
│   │ ├─┬ commander@2.8.1 
│   │ │ └── graceful-readlink@1.0.1 
│   │ └── source-map@0.4.4 
│   ├── commander@2.6.0 
│   ├── constantinople@3.0.2 
│   ├─┬ jstransformer@0.0.2 
│   │ ├── is-promise@2.1.0 
│   │ └─┬ promise@6.1.0 
│   │   └── asap@1.0.0 
│   ├─┬ transformers@2.1.0 
│   │ ├─┬ css@1.0.8 
│   │ │ ├── css-parse@1.0.4 
│   │ │ └── css-stringify@1.0.5 
│   │ ├─┬ promise@2.0.0 
│   │ │ └── is-promise@1.0.1 
│   │ └─┬ uglify-js@2.2.5 
│   │   ├─┬ optimist@0.3.7 
│   │   │ └── wordwrap@0.0.3 
│   │   └── source-map@0.1.43 
│   ├── void-elements@2.0.1 
│   └─┬ with@4.0.3 
│     └── acorn@1.2.2 
├── hexo-renderer-mathjax@0.6.0 
├── hexo-renderer-pandoc@0.1.1 
├─┬ hexo-renderer-stylus@0.3.3 
│ ├── nib@1.1.2 
│ └─┬ stylus@0.54.5 
│   ├── css-parse@1.7.0 
│   ├─┬ glob@7.0.6 
│   │ ├── fs.realpath@1.0.0 
│   │ ├─┬ inflight@1.0.6 
│   │ │ └── wrappy@1.0.2 
│   │ └── once@1.4.0 
│   ├── sax@0.5.8 
│   └─┬ source-map@0.1.43 
│     └── amdefine@1.0.1 
└─┬ hexo-server@0.2.2 
  ├─┬ compression@1.7.0 
  │ ├─┬ accepts@1.3.4 
  │ │ └── negotiator@0.6.1 
  │ ├── bytes@2.5.0 
  │ ├─┬ compressible@2.0.11 
  │ │ └── mime-db@1.30.0 
  │ ├─┬ debug@2.6.8 
  │ │ └── ms@2.0.0 
  │ ├── on-headers@1.0.1 
  │ ├── safe-buffer@5.1.1 
  │ └── vary@1.1.1 
  ├─┬ connect@3.5.0 
  │ ├─┬ finalhandler@0.5.0 
  │ │ ├── statuses@1.3.1 
  │ │ └── unpipe@1.0.0 
  │ └── parseurl@1.3.1 
  ├── mime@1.4.0 
  ├─┬ morgan@1.8.2 
  │ ├── basic-auth@1.1.0 
  │ ├─┬ debug@2.6.8 
  │ │ └── ms@2.0.0 
  │ ├── depd@1.1.1 
  │ └─┬ on-finished@2.3.0 
  │   └── ee-first@1.1.1 
  ├─┬ opn@4.0.2 
  │ └─┬ pinkie-promise@2.0.1 
  │   └── pinkie@2.0.4 
  └─┬ serve-static@1.12.2 
    ├── encodeurl@1.0.1 
    ├── escape-html@1.0.3 
    └─┬ send@0.15.2 
      ├─┬ debug@2.6.4 
      │ └── ms@0.7.3 
      ├── destroy@1.0.4 
      ├── fresh@0.5.0 
      ├─┬ http-errors@1.6.2 
      │ └── setprototypeof@1.0.3 
      ├── mime@1.3.4 
      ├── ms@1.0.0 
      └── range-parser@1.2.0 

npm WARN optional Skipping failed optional dependency /chokidar/fsevents:
npm WARN notsup Not compatible with your operating system or architecture: fsevents@1.1.2
npm WARN optional Skipping failed optional dependency /hexo-github/nunjucks/chokidar/fsevents:
npm WARN notsup Not compatible with your operating system or architecture: fsevents@0.3.8
